0 info it worked if it ends with ok
1 verbose cli [ '/usr/local/bin/node', '/usr/local/bin/npm', 'install' ]
2 info using npm@3.10.10
3 info using node@v6.11.0
4 silly loadCurrentTree Starting
5 silly install loadCurrentTree
6 silly install readLocalPackageData
7 silly install normalizeTree
8 silly loadCurrentTree Finishing
9 silly loadIdealTree Starting
10 silly install loadIdealTree
11 silly cloneCurrentTree Starting
12 silly install cloneCurrentTreeToIdealTree
13 silly cloneCurrentTree Finishing
14 silly loadShrinkwrap Starting
15 silly install loadShrinkwrap
16 silly loadShrinkwrap Finishing
17 silly loadAllDepsIntoIdealTree Starting
18 silly install loadAllDepsIntoIdealTree
19 silly fetchNamedPackageData opencv4nodejs
20 silly mapToRegistry name opencv4nodejs
21 silly mapToRegistry using default registry
22 silly mapToRegistry registry https://registry.npmjs.org/
23 silly mapToRegistry data Result {
23 silly mapToRegistry   raw: 'opencv4nodejs',
23 silly mapToRegistry   scope: null,
23 silly mapToRegistry   escapedName: 'opencv4nodejs',
23 silly mapToRegistry   name: 'opencv4nodejs',
23 silly mapToRegistry   rawSpec: '',
23 silly mapToRegistry   spec: 'latest',
23 silly mapToRegistry   type: 'tag' }
24 silly mapToRegistry uri https://registry.npmjs.org/opencv4nodejs
25 verbose request uri https://registry.npmjs.org/opencv4nodejs
26 verbose request no auth needed
27 info attempt registry request try #1 at 5:11:55 PM
28 verbose request id 7cf61847eae21cc3
29 http request GET https://registry.npmjs.org/opencv4nodejs
30 info retry will retry, error on last attempt: Error: certificate is not yet valid
31 info attempt registry request try #2 at 5:12:05 PM
32 http request GET https://registry.npmjs.org/opencv4nodejs
33 info retry will retry, error on last attempt: Error: certificate is not yet valid
34 info attempt registry request try #3 at 5:13:06 PM
35 http request GET https://registry.npmjs.org/opencv4nodejs
36 silly fetchPackageMetaData Error: certificate is not yet valid
36 silly fetchPackageMetaData     at Error (native)
36 silly fetchPackageMetaData     at TLSSocket.<anonymous> (_tls_wrap.js:1092:38)
36 silly fetchPackageMetaData     at emitNone (events.js:86:13)
36 silly fetchPackageMetaData     at TLSSocket.emit (events.js:185:7)
36 silly fetchPackageMetaData     at TLSSocket._finishInit (_tls_wrap.js:610:8)
36 silly fetchPackageMetaData     at TLSWrap.ssl.onhandshakedone (_tls_wrap.js:440:38)
36 silly fetchPackageMetaData  error for opencv4nodejs@^5.6.0 { Error: certificate is not yet valid
36 silly fetchPackageMetaData     at Error (native)
36 silly fetchPackageMetaData     at TLSSocket.<anonymous> (_tls_wrap.js:1092:38)
36 silly fetchPackageMetaData     at emitNone (events.js:86:13)
36 silly fetchPackageMetaData     at TLSSocket.emit (events.js:185:7)
36 silly fetchPackageMetaData     at TLSSocket._finishInit (_tls_wrap.js:610:8)
36 silly fetchPackageMetaData     at TLSWrap.ssl.onhandshakedone (_tls_wrap.js:440:38) code: 'CERT_NOT_YET_VALID' }
37 silly rollbackFailedOptional Starting
38 silly rollbackFailedOptional Finishing
39 silly runTopLevelLifecycles Finishing
40 silly install printInstalled
41 verbose stack Error: certificate is not yet valid
41 verbose stack     at Error (native)
41 verbose stack     at TLSSocket.<anonymous> (_tls_wrap.js:1092:38)
41 verbose stack     at emitNone (events.js:86:13)
41 verbose stack     at TLSSocket.emit (events.js:185:7)
41 verbose stack     at TLSSocket._finishInit (_tls_wrap.js:610:8)
41 verbose stack     at TLSWrap.ssl.onhandshakedone (_tls_wrap.js:440:38)
42 verbose cwd /home/ubuntu/Desktop/RobotConsole
43 error Linux 4.19.50-v7+
44 error argv "/usr/local/bin/node" "/usr/local/bin/npm" "install"
45 error node v6.11.0
46 error npm  v3.10.10
47 error code CERT_NOT_YET_VALID
48 error certificate is not yet valid
49 error If you need help, you may report this error at:
49 error     <https://github.com/npm/npm/issues>
50 verbose exit [ 1, true ]
